<?xml version="1.0" encoding="UTF-8"?>
<!-- Generated by org.testng.reporters.JUnitXMLReporter -->
<testsuite hostname="ENCOPDBANLT0724" name="Test2" tests="2" failures="1" timestamp="31 Aug 2021 13:01:43 GMT" time="40.408" errors="0">
  <testcase name="SearchForProduct" time="5.43" classname="com.myntra.testcases.SearchTestCase"/>
  <testcase name="login" time="15.409" classname="com.myntra.testcases.LoginTestCase">
    <failure type="java.lang.AssertionError" message="LoginFailure expected [true] but found [false]">
      <![CDATA[java.lang.AssertionError: LoginFailure expected [true] but found [false]
	at com.myntra.testcases.LoginTestCase.login(LoginTestCase.java:22)
... Removed 28 stack frames]]>
    </failure>
  </testcase> <!-- login -->
</testsuite> <!-- Test2 -->
