<?xml version="1.0" encoding="UTF-8"?>
<testng-results skipped="0" failed="1" total="2" passed="1">
  <reporter-output>
  </reporter-output>
  <suite name="Suite" duration-ms="40408" started-at="2021-08-31T13:01:02Z" finished-at="2021-08-31T13:01:43Z">
    <groups>
      <group name="regression">
        <method signature="LoginTestCase.login()[pri:0, instance:com.myntra.testcases.LoginTestCase@66a3ffec]" name="login" class="com.myntra.testcases.LoginTestCase"/>
      </group> <!-- regression -->
      <group name="smoke">
        <method signature="SearchTestCase.SearchForProduct()[pri:0, instance:com.myntra.testcases.SearchTestCase@3e6fa38a]" name="SearchForProduct" class="com.myntra.testcases.SearchTestCase"/>
      </group> <!-- smoke -->
    </groups>
    <test name="Test2" duration-ms="40408" started-at="2021-08-31T13:01:02Z" finished-at="2021-08-31T13:01:43Z">
      <class name="com.myntra.testcases.LoginTestCase">
        <test-method status="FAIL" signature="login()[pri:0, instance:com.myntra.testcases.LoginTestCase@66a3ffec]" name="login" duration-ms="15409" started-at="2021-08-31T18:31:25Z" finished-at="2021-08-31T18:31:41Z">
          <exception class="java.lang.AssertionError">
            <message>
              <![CDATA[LoginFailure expected [true] but found [false]]]>
            </message>
            <full-stacktrace>
              <![CDATA[java.lang.AssertionError: LoginFailure expected [true] but found [false]
	at org.testng.Assert.fail(Assert.java:94)
	at org.testng.Assert.failNotEquals(Assert.java:513)
	at org.testng.Assert.assertTrue(Assert.java:42)
	at com.myntra.testcases.LoginTestCase.login(LoginTestCase.java:22)
	at sun.reflect.NativeMethodAccessorImpl.invoke0(Native Method)
	at sun.reflect.NativeMethodAccessorImpl.invoke(Unknown Source)
	at sun.reflect.DelegatingMethodAccessorImpl.invoke(Unknown Source)
	at java.lang.reflect.Method.invoke(Unknown Source)
	at org.testng.internal.MethodInvocationHelper.invokeMethod(MethodInvocationHelper.java:100)
	at org.testng.internal.Invoker.invokeMethod(Invoker.java:646)
	at org.testng.internal.Invoker.invokeTestMethod(Invoker.java:811)
	at org.testng.internal.Invoker.invokeTestMethods(Invoker.java:1137)
	at org.testng.internal.TestMethodWorker.invokeTestMethods(TestMethodWorker.java:129)
	at org.testng.internal.TestMethodWorker.run(TestMethodWorker.java:112)
	at org.testng.TestRunner.privateRun(TestRunner.java:753)
	at org.testng.TestRunner.run(TestRunner.java:607)
	at org.testng.SuiteRunner.runTest(SuiteRunner.java:368)
	at org.testng.SuiteRunner.runSequentially(SuiteRunner.java:363)
	at org.testng.SuiteRunner.privateRun(SuiteRunner.java:321)
	at org.testng.SuiteRunner.run(SuiteRunner.java:270)
	at org.testng.SuiteRunnerWorker.runSuite(SuiteRunnerWorker.java:52)
	at org.testng.SuiteRunnerWorker.run(SuiteRunnerWorker.java:86)
	at org.testng.TestNG.runSuitesSequentially(TestNG.java:1284)
	at org.testng.TestNG.runSuitesLocally(TestNG.java:1209)
	at org.testng.TestNG.runSuites(TestNG.java:1124)
	at org.testng.TestNG.run(TestNG.java:1096)
	at org.testng.remote.AbstractRemoteTestNG.run(AbstractRemoteTestNG.java:132)
	at org.testng.remote.RemoteTestNG.initAndRun(RemoteTestNG.java:236)
	at org.testng.remote.RemoteTestNG.main(RemoteTestNG.java:81)
]]>
            </full-stacktrace>
          </exception> <!-- java.lang.AssertionError -->
          <reporter-output>
          </reporter-output>
        </test-method> <!-- login -->
      </class> <!-- com.myntra.testcases.LoginTestCase -->
      <class name="com.myntra.testcases.SearchTestCase">
        <test-method status="PASS" signature="setDriver()[pri:0, instance:com.myntra.testcases.SearchTestCase@3e6fa38a]" name="setDriver" is-config="true" duration-ms="17856" started-at="2021-08-31T18:31:02Z" finished-at="2021-08-31T18:31:20Z">
          <reporter-output>
          </reporter-output>
        </test-method> <!-- setDriver -->
        <test-method status="PASS" signature="SearchForProduct()[pri:0, instance:com.myntra.testcases.SearchTestCase@3e6fa38a]" name="SearchForProduct" duration-ms="5430" started-at="2021-08-31T18:31:20Z" finished-at="2021-08-31T18:31:25Z">
          <reporter-output>
          </reporter-output>
        </test-method> <!-- SearchForProduct -->
        <test-method status="PASS" signature="quitDriver()[pri:0, instance:com.myntra.testcases.SearchTestCase@3e6fa38a]" name="quitDriver" is-config="true" duration-ms="1643" started-at="2021-08-31T18:31:41Z" finished-at="2021-08-31T18:31:43Z">
          <reporter-output>
          </reporter-output>
        </test-method> <!-- quitDriver -->
      </class> <!-- com.myntra.testcases.SearchTestCase -->
    </test> <!-- Test2 -->
  </suite> <!-- Suite -->
</testng-results>
